  AABB.cpp
C:\Users\Lu\Documents\U-tad\Rendering y visualizacion realista\Raytrace_SDL_plantilla\Raytrace_SDL_plantilla\APIS3D_2023\AABB.cpp(284,34): warning C4305: 'inicializando': truncamiento de 'double' a 'const float'
  Billboard.cpp
  camera.cpp
C:\Users\Lu\Documents\U-tad\Rendering y visualizacion realista\Raytrace_SDL_plantilla\Raytrace_SDL_plantilla\APIS3D_2023\camera.cpp(94,23): warning C4244: 'inicializando': conversión de 'double' a 'float'; posible pérdida de datos
C:\Users\Lu\Documents\U-tad\Rendering y visualizacion realista\Raytrace_SDL_plantilla\Raytrace_SDL_plantilla\APIS3D_2023\camera.cpp(95,23): warning C4244: 'inicializando': conversión de 'double' a 'float'; posible pérdida de datos
C:\Users\Lu\Documents\U-tad\Rendering y visualizacion realista\Raytrace_SDL_plantilla\Raytrace_SDL_plantilla\APIS3D_2023\camera.cpp(96,18): warning C4244: '=': conversión de 'double' a 'int'; posible pérdida de datos
C:\Users\Lu\Documents\U-tad\Rendering y visualizacion realista\Raytrace_SDL_plantilla\Raytrace_SDL_plantilla\APIS3D_2023\camera.cpp(97,18): warning C4244: '=': conversión de 'double' a 'int'; posible pérdida de datos
  cubo3d.cpp
C:\Users\Lu\Documents\U-tad\Rendering y visualizacion realista\Raytrace_SDL_plantilla\Raytrace_SDL_plantilla\APIS3D_2023\cubo3d.cpp(37,6): warning C4305: 'argumento': truncamiento de 'int' a 'char'
C:\Users\Lu\Documents\U-tad\Rendering y visualizacion realista\Raytrace_SDL_plantilla\Raytrace_SDL_plantilla\APIS3D_2023\cubo3d.cpp(37,32): warning C4309: 'argumento': truncamiento de valor constante
C:\Users\Lu\Documents\U-tad\Rendering y visualizacion realista\Raytrace_SDL_plantilla\Raytrace_SDL_plantilla\APIS3D_2023\cubo3d.cpp(39,6): warning C4305: 'argumento': truncamiento de 'int' a 'char'
C:\Users\Lu\Documents\U-tad\Rendering y visualizacion realista\Raytrace_SDL_plantilla\Raytrace_SDL_plantilla\APIS3D_2023\cubo3d.cpp(39,32): warning C4309: 'argumento': truncamiento de valor constante
C:\Users\Lu\Documents\U-tad\Rendering y visualizacion realista\Raytrace_SDL_plantilla\Raytrace_SDL_plantilla\APIS3D_2023\cubo3d.cpp(42,6): warning C4305: 'argumento': truncamiento de 'int' a 'char'
C:\Users\Lu\Documents\U-tad\Rendering y visualizacion realista\Raytrace_SDL_plantilla\Raytrace_SDL_plantilla\APIS3D_2023\cubo3d.cpp(42,32): warning C4309: 'argumento': truncamiento de valor constante
C:\Users\Lu\Documents\U-tad\Rendering y visualizacion realista\Raytrace_SDL_plantilla\Raytrace_SDL_plantilla\APIS3D_2023\cubo3d.cpp(44,6): warning C4305: 'argumento': truncamiento de 'int' a 'char'
C:\Users\Lu\Documents\U-tad\Rendering y visualizacion realista\Raytrace_SDL_plantilla\Raytrace_SDL_plantilla\APIS3D_2023\cubo3d.cpp(44,32): warning C4309: 'argumento': truncamiento de valor constante
  Emiter.cpp
  entity.cpp
  eventmanager.cpp
  glrender.cpp
  gltexture.cpp
  light.cpp
  RENDERING_2023.cpp
  material.cpp
  mesh3d.cpp
  object3d.cpp
  particle.cpp
  pugixml.cpp
  RayTrace.cpp
C:\Users\Lu\Documents\U-tad\Rendering y visualizacion realista\Raytrace_SDL_plantilla\Raytrace_SDL_plantilla\APIS3D_2023\RayTrace.cpp(208,21): warning C4244: 'inicializando': conversión de 'double' a 'float'; posible pérdida de datos
C:\Users\Lu\Documents\U-tad\Rendering y visualizacion realista\Raytrace_SDL_plantilla\Raytrace_SDL_plantilla\APIS3D_2023\RayTrace.cpp(251,103): warning C4244: 'argumento': conversión de 'T' a 'int'; posible pérdida de datos
          with
          [
              T=float
          ]
C:\Users\Lu\Documents\U-tad\Rendering y visualizacion realista\Raytrace_SDL_plantilla\Raytrace_SDL_plantilla\APIS3D_2023\RayTrace.cpp(251,70): warning C4244: 'argumento': conversión de 'T' a 'int'; posible pérdida de datos
          with
          [
              T=float
          ]
C:\Users\Lu\Documents\U-tad\Rendering y visualizacion realista\Raytrace_SDL_plantilla\Raytrace_SDL_plantilla\APIS3D_2023\RayTrace.cpp(496,24): warning C4244: 'inicializando': conversión de 'double' a 'float'; posible pérdida de datos
C:\Users\Lu\Documents\U-tad\Rendering y visualizacion realista\Raytrace_SDL_plantilla\Raytrace_SDL_plantilla\APIS3D_2023\RayTrace.cpp(697,26): warning C4018: '<': no coinciden signed/unsigned
  RayTraceGLSL.cpp
  render.cpp
  shader.cpp
  Compilando...
  Source.cpp
  state.cpp
  triangle3d.cpp
  vertex.cpp
  world.cpp
C:\Users\Lu\Documents\U-tad\Rendering y visualizacion realista\Raytrace_SDL_plantilla\Raytrace_SDL_plantilla\APIS3D_2023\world.cpp(12,38): warning C4267: 'inicializando': conversión de 'size_t' a 'int'; posible pérdida de datos
  Generando código
  1869 of 1897 functions (98.5%) were compiled, the rest were copied from previous compilation.
    10 functions were new in current compilation
    2 functions had inline decision re-evaluated but remain unchanged
  Generación de código finalizada
  APIS3D_2023.vcxproj -> C:\Users\Lu\Documents\U-tad\Rendering y visualizacion realista\Raytrace_SDL_plantilla\Raytrace_SDL_plantilla\x64\Release\APIS3D_2023.exe
