c:\users\lu\documents\u-tad\rendering y visualizacion  realista\raytrace_sdl_plantilla\raytrace_sdl_plantilla\apis3d_2023\x64\release\vc143.pdb
c:\users\lu\documents\u-tad\rendering y visualizacion  realista\raytrace_sdl_plantilla\raytrace_sdl_plantilla\apis3d_2023\x64\release\shader.obj
c:\users\lu\documents\u-tad\rendering y visualizacion  realista\raytrace_sdl_plantilla\raytrace_sdl_plantilla\apis3d_2023\x64\release\render.obj
c:\users\lu\documents\u-tad\rendering y visualizacion  realista\raytrace_sdl_plantilla\raytrace_sdl_plantilla\apis3d_2023\x64\release\raytraceglsl.obj
c:\users\lu\documents\u-tad\rendering y visualizacion  realista\raytrace_sdl_plantilla\raytrace_sdl_plantilla\apis3d_2023\x64\release\raytrace.obj
c:\users\lu\documents\u-tad\rendering y visualizacion  realista\raytrace_sdl_plantilla\raytrace_sdl_plantilla\apis3d_2023\x64\release\pugixml.obj
c:\users\lu\documents\u-tad\rendering y visualizacion  realista\raytrace_sdl_plantilla\raytrace_sdl_plantilla\apis3d_2023\x64\release\particle.obj
c:\users\lu\documents\u-tad\rendering y visualizacion  realista\raytrace_sdl_plantilla\raytrace_sdl_plantilla\apis3d_2023\x64\release\object3d.obj
c:\users\lu\documents\u-tad\rendering y visualizacion  realista\raytrace_sdl_plantilla\raytrace_sdl_plantilla\apis3d_2023\x64\release\mesh3d.obj
c:\users\lu\documents\u-tad\rendering y visualizacion  realista\raytrace_sdl_plantilla\raytrace_sdl_plantilla\apis3d_2023\x64\release\material.obj
c:\users\lu\documents\u-tad\rendering y visualizacion  realista\raytrace_sdl_plantilla\raytrace_sdl_plantilla\apis3d_2023\x64\release\rendering_2023.obj
c:\users\lu\documents\u-tad\rendering y visualizacion  realista\raytrace_sdl_plantilla\raytrace_sdl_plantilla\apis3d_2023\x64\release\light.obj
c:\users\lu\documents\u-tad\rendering y visualizacion  realista\raytrace_sdl_plantilla\raytrace_sdl_plantilla\apis3d_2023\x64\release\gltexture.obj
c:\users\lu\documents\u-tad\rendering y visualizacion  realista\raytrace_sdl_plantilla\raytrace_sdl_plantilla\apis3d_2023\x64\release\glrender.obj
c:\users\lu\documents\u-tad\rendering y visualizacion  realista\raytrace_sdl_plantilla\raytrace_sdl_plantilla\apis3d_2023\x64\release\eventmanager.obj
c:\users\lu\documents\u-tad\rendering y visualizacion  realista\raytrace_sdl_plantilla\raytrace_sdl_plantilla\apis3d_2023\x64\release\entity.obj
c:\users\lu\documents\u-tad\rendering y visualizacion  realista\raytrace_sdl_plantilla\raytrace_sdl_plantilla\apis3d_2023\x64\release\emiter.obj
c:\users\lu\documents\u-tad\rendering y visualizacion  realista\raytrace_sdl_plantilla\raytrace_sdl_plantilla\apis3d_2023\x64\release\cubo3d.obj
c:\users\lu\documents\u-tad\rendering y visualizacion  realista\raytrace_sdl_plantilla\raytrace_sdl_plantilla\apis3d_2023\x64\release\camera.obj
c:\users\lu\documents\u-tad\rendering y visualizacion  realista\raytrace_sdl_plantilla\raytrace_sdl_plantilla\apis3d_2023\x64\release\billboard.obj
c:\users\lu\documents\u-tad\rendering y visualizacion  realista\raytrace_sdl_plantilla\raytrace_sdl_plantilla\apis3d_2023\x64\release\aabb.obj
c:\users\lu\documents\u-tad\rendering y visualizacion  realista\raytrace_sdl_plantilla\raytrace_sdl_plantilla\apis3d_2023\x64\release\world.obj
c:\users\lu\documents\u-tad\rendering y visualizacion  realista\raytrace_sdl_plantilla\raytrace_sdl_plantilla\apis3d_2023\x64\release\vertex.obj
c:\users\lu\documents\u-tad\rendering y visualizacion  realista\raytrace_sdl_plantilla\raytrace_sdl_plantilla\apis3d_2023\x64\release\triangle3d.obj
c:\users\lu\documents\u-tad\rendering y visualizacion  realista\raytrace_sdl_plantilla\raytrace_sdl_plantilla\apis3d_2023\x64\release\state.obj
c:\users\lu\documents\u-tad\rendering y visualizacion  realista\raytrace_sdl_plantilla\raytrace_sdl_plantilla\apis3d_2023\x64\release\source.obj
c:\users\lu\documents\u-tad\rendering y visualizacion  realista\raytrace_sdl_plantilla\raytrace_sdl_plantilla\x64\release\apis3d_2023.exe
c:\users\lu\documents\u-tad\rendering y visualizacion  realista\raytrace_sdl_plantilla\raytrace_sdl_plantilla\apis3d_2023\x64\release\apis3d_2023.ipdb
c:\users\lu\documents\u-tad\rendering y visualizacion  realista\raytrace_sdl_plantilla\raytrace_sdl_plantilla\x64\release\apis3d_2023.pdb
c:\users\lu\documents\u-tad\rendering y visualizacion  realista\raytrace_sdl_plantilla\raytrace_sdl_plantilla\apis3d_2023\x64\release\apis3d_2023.iobj
c:\users\lu\documents\u-tad\rendering y visualizacion  realista\raytrace_sdl_plantilla\raytrace_sdl_plantilla\apis3d_2023\x64\release\apis3d_2023.tlog\cl.command.1.tlog
c:\users\lu\documents\u-tad\rendering y visualizacion  realista\raytrace_sdl_plantilla\raytrace_sdl_plantilla\apis3d_2023\x64\release\apis3d_2023.tlog\cl.read.1.tlog
c:\users\lu\documents\u-tad\rendering y visualizacion  realista\raytrace_sdl_plantilla\raytrace_sdl_plantilla\apis3d_2023\x64\release\apis3d_2023.tlog\cl.write.1.tlog
c:\users\lu\documents\u-tad\rendering y visualizacion  realista\raytrace_sdl_plantilla\raytrace_sdl_plantilla\apis3d_2023\x64\release\apis3d_2023.tlog\link.command.1.tlog
c:\users\lu\documents\u-tad\rendering y visualizacion  realista\raytrace_sdl_plantilla\raytrace_sdl_plantilla\apis3d_2023\x64\release\apis3d_2023.tlog\link.read.1.tlog
c:\users\lu\documents\u-tad\rendering y visualizacion  realista\raytrace_sdl_plantilla\raytrace_sdl_plantilla\apis3d_2023\x64\release\apis3d_2023.tlog\link.write.1.tlog
